<?xml version="1.0" encoding="UTF-8"?>
<!-- Generated by org.testng.reporters.JUnitReportReporter -->
<testsuite hostname="Vijayakumar" failures="0" tests="3" name="gitRemovePack.GitRemoveClass1" time="6.152" errors="0" timestamp="2024-09-11T21:13:31 GMT+01:00" skipped="0">
  <testcase classname="gitRemovePack.GitRemoveClass1" name="test1" time="3.786"/>
  <system-out/>
  <testcase classname="gitRemovePack.GitRemoveClass1" name="test3" time="0.002"/>
  <system-out/>
  <testcase classname="gitRemovePack.GitRemoveClass1" name="test2" time="2.364"/>
  <system-out/>
</testsuite> <!-- gitRemovePack.GitRemoveClass1 -->
